<?xml version="1.0" encoding="utf-8"?><testsuites><testsuite name="pytest" errors="0" failures="0" skipped="0" tests="10" time="0.582" timestamp="2025-10-24T17:31:15.316363+00:00" hostname="runnervmwhb2z"><testcase classname="tests.test_general_exception" name="test_error_query" time="0.060" /><testcase classname="tests.test_general_exception" name="test_http_exception_passthrough" time="0.002" /><testcase classname="tests.test_logging" name="test_logging_hide_password" time="0.003" /><testcase classname="tests.test_login_sql_injection" name="test_login_should_not_allow_sql_injection" time="0.002" /><testcase classname="tests.test_login_sql_injection" name="test_login" time="0.002" /><testcase classname="tests.test_search_sql_like" name="test_search_should_not_return_all_on_injection" time="0.004" /><testcase classname="tests.test_search_sql_like" name="test_search_long_query" time="0.002" /><testcase classname="tests.test_search_sql_like" name="test_search_query" time="0.002" /><testcase classname="tests.test_xss_escaping" name="test_echo_should_escape_script_tags" time="0.014" /><testcase classname="tests.test_xss_escaping" name="test_echo" time="0.002" /></testsuite></testsuites>